{
  "stats": {
    "suites": 14,
    "tests": 36,
    "passes": 35,
    "pending": 1,
    "failures": 0,
    "testsRegistered": 36,
    "passPercent": 97.22222222222223,
    "pendingPercent": 2.7777777777777777,
    "other": 0,
    "hasOther": false,
    "skipped": 0,
    "hasSkipped": false,
    "start": "2023-07-20T12:41:59.765Z",
    "end": "2023-07-20T12:44:35.436Z",
    "duration": 155671
  },
  "results": [
    {
      "uuid": "1e56a933-4e6f-447a-bea3-72013ab482c9",
      "title": "",
      "fullFile": "cypress\\e2e\\other\\same-origin-policy.js",
      "file": "cypress\\e2e\\other\\same-origin-policy.js",
      "beforeHooks": [],
      "afterHooks": [],
      "tests": [],
      "suites": [
        {
          "uuid": "a98babad-5cf4-4e8d-8a5a-4dce4dae3a66",
          "title": "Cypress web security",
          "fullFile": "",
          "file": "",
          "beforeHooks": [],
          "afterHooks": [],
          "tests": [
            {
              "title": "Validate visiting two different domains",
              "fullTitle": "Cypress web security Validate visiting two different domains",
              "timedOut": null,
              "duration": 0,
              "state": "pending",
              "speed": null,
              "pass": false,
              "fail": false,
              "pending": true,
              "context": null,
              "code": "cy.visit(\"http://www.webdriveruniversity.com/\");\ncy.visit(\"https://automationteststore.com/\");",
              "err": {},
              "uuid": "d0920cc2-e60a-4f4e-9916-88300533d050",
              "parentUUID": "a98babad-5cf4-4e8d-8a5a-4dce4dae3a66",
              "isHook": false,
              "skipped": false
            },
            {
              "title": "Validate visiting two different domains via user actions",
              "fullTitle": "Cypress web security Validate visiting two different domains via user actions",
              "timedOut": null,
              "duration": 8611,
              "state": "passed",
              "speed": "medium",
              "pass": true,
              "fail": false,
              "pending": false,
              "context": null,
              "code": "cy.visit(\"http://www.webdriveruniversity.com/\");\ncy.get(\"#automation-test-store\").invoke(\"removeAttr\", \"target\").click();",
              "err": {},
              "uuid": "06b20bfb-eb19-40d9-af78-9a7be34401cd",
              "parentUUID": "a98babad-5cf4-4e8d-8a5a-4dce4dae3a66",
              "isHook": false,
              "skipped": false
            },
            {
              "title": "Validate visiting two different domains",
              "fullTitle": "Cypress web security Validate visiting two different domains",
              "timedOut": null,
              "duration": 7780,
              "state": "passed",
              "speed": "medium",
              "pass": true,
              "fail": false,
              "pending": false,
              "context": null,
              "code": "cy.origin(\"www.webdriveruniversity.com\", () => {\n  cy.visit(\"/\");\n});\ncy.origin(\"automationteststore.com\", () => {\n  cy.visit(\"/\");\n});",
              "err": {},
              "uuid": "496b0d84-d2ea-4a05-9dad-ea6f68aebbee",
              "parentUUID": "a98babad-5cf4-4e8d-8a5a-4dce4dae3a66",
              "isHook": false,
              "skipped": false
            }
          ],
          "suites": [],
          "passes": [
            "06b20bfb-eb19-40d9-af78-9a7be34401cd",
            "496b0d84-d2ea-4a05-9dad-ea6f68aebbee"
          ],
          "failures": [],
          "pending": [
            "d0920cc2-e60a-4f4e-9916-88300533d050"
          ],
          "skipped": [],
          "duration": 16391,
          "root": false,
          "rootEmpty": false,
          "_timeout": 2000
        }
      ],
      "passes": [],
      "failures": [],
      "pending": [],
      "skipped": [],
      "duration": 0,
      "root": true,
      "rootEmpty": true,
      "_timeout": 2000
    },
    {
      "uuid": "52730c5f-eb78-4631-9c73-c593ba20c799",
      "title": "",
      "fullFile": "cypress\\e2e\\automation-test-store\\add-multiple-items-to-basket.js",
      "file": "cypress\\e2e\\automation-test-store\\add-multiple-items-to-basket.js",
      "beforeHooks": [],
      "afterHooks": [],
      "tests": [],
      "suites": [
        {
          "uuid": "44393a38-9798-499f-8b4a-0fcbd615eda0",
          "title": "Add multiple items to basket",
          "fullFile": "",
          "file": "",
          "beforeHooks": [],
          "afterHooks": [],
          "tests": [
            {
              "title": "Add specfic items to basket",
              "fullTitle": "Add multiple items to basket Add specfic items to basket",
              "timedOut": null,
              "duration": 6046,
              "state": "passed",
              "speed": "medium",
              "pass": true,
              "fail": false,
              "pending": false,
              "context": null,
              "code": "hairCarePage.addHairCareProductsToBasket();\n// data.productNames.forEach(element => {\n//     cy.addProductToBasket(element)\n// });\n// cy.get(\".dropdown-toggle > .fa\").click()",
              "err": {},
              "uuid": "b5bea3d2-2ab0-4410-a8b6-718e7961aa7d",
              "parentUUID": "44393a38-9798-499f-8b4a-0fcbd615eda0",
              "isHook": false,
              "skipped": false
            }
          ],
          "suites": [],
          "passes": [
            "b5bea3d2-2ab0-4410-a8b6-718e7961aa7d"
          ],
          "failures": [],
          "pending": [],
          "skipped": [],
          "duration": 6046,
          "root": false,
          "rootEmpty": false,
          "_timeout": 2000
        }
      ],
      "passes": [],
      "failures": [],
      "pending": [],
      "skipped": [],
      "duration": 0,
      "root": true,
      "rootEmpty": true,
      "_timeout": 2000
    },
    {
      "uuid": "59bb5d87-ba47-4047-aff8-4658ad84722a",
      "title": "",
      "fullFile": "cypress\\e2e\\automation-test-store\\alias-invoke.js",
      "file": "cypress\\e2e\\automation-test-store\\alias-invoke.js",
      "beforeHooks": [],
      "afterHooks": [],
      "tests": [],
      "suites": [
        {
          "uuid": "0a527217-a500-45b5-86e9-4087e3bfbffa",
          "title": "Alias and Invoke",
          "fullFile": "",
          "file": "",
          "beforeHooks": [],
          "afterHooks": [],
          "tests": [
            {
              "title": "Valite a specfic hair care product",
              "fullTitle": "Alias and Invoke Valite a specfic hair care product",
              "timedOut": null,
              "duration": 4579,
              "state": "passed",
              "speed": "fast",
              "pass": true,
              "fail": false,
              "pending": false,
              "context": null,
              "code": "cy.visit(\"https://automationteststore.com/\");\n// Verify the full login page loaded correctly.\n// cy.eyesCheckWindow({\n//   tag: \"Login page\",\n//   target: \"window\",\n//   fully: true,\n// });\ncy.get(\"a[href*='product/category&path=']\").contains(\"Hair Care\").click();\ncy.get(\".fixed_wrapper .prdocutname\").eq(0).invoke(\"text\").as(\"productThumbnail\");\ncy.get(\"@productThumbnail\").its(\"length\").should(\"be.gt\", 5);\ncy.get(\"@productThumbnail\").should(\"include\", \"Seaweed Conditioner\");",
              "err": {},
              "uuid": "6aef82b2-c59c-449c-91c4-9d75d1da9aa6",
              "parentUUID": "0a527217-a500-45b5-86e9-4087e3bfbffa",
              "isHook": false,
              "skipped": false
            }
          ],
          "suites": [],
          "passes": [
            "6aef82b2-c59c-449c-91c4-9d75d1da9aa6"
          ],
          "failures": [],
          "pending": [],
          "skipped": [],
          "duration": 4579,
          "root": false,
          "rootEmpty": false,
          "_timeout": 2000
        }
      ],
      "passes": [],
      "failures": [],
      "pending": [],
      "skipped": [],
      "duration": 0,
      "root": true,
      "rootEmpty": true,
      "_timeout": 2000
    },
    {
      "uuid": "d1dd4b48-c85e-4bb1-a96a-7b709d0f9b8c",
      "title": "",
      "fullFile": "cypress\\e2e\\automation-test-store\\contact-us.js",
      "file": "cypress\\e2e\\automation-test-store\\contact-us.js",
      "beforeHooks": [],
      "afterHooks": [],
      "tests": [],
      "suites": [
        {
          "uuid": "7312646a-17c2-4569-9d91-ef5947f6621a",
          "title": "Test Contact Us form via Automation Test Store",
          "fullFile": "",
          "file": "",
          "beforeHooks": [],
          "afterHooks": [],
          "tests": [
            {
              "title": "Should be able to submit successful submision via contact us form",
              "fullTitle": "Test Contact Us form via Automation Test Store Should be able to submit successful submision via contact us form",
              "timedOut": null,
              "duration": 9247,
              "state": "passed",
              "speed": "medium",
              "pass": true,
              "fail": false,
              "pending": false,
              "context": null,
              "code": "cy.visit(\"https://automationteststore.com/\");\ncy.xpath(\"//a[text()='Contact Us']\").click().then(contactUsText => {\n  cy.log(contactUsText.text());\n});\ncy.get(\"@user\").then(user => {\n  cy.get(\"#ContactUsFrm_first_name\").type(user.first_name);\n  cy.get(\"#ContactUsFrm_email\").type(user.email);\n});\ncy.get(\"#ContactUsFrm_email\").should(\"have.attr\", \"name\", \"email\");\ncy.get(\"#ContactUsFrm_enquiry\").type(\" Lorem ipsum dolor sit amet, consectetur adipisicing elit. Doloribus doloremque eius illum adipisci at asperiores velit earum, est iusto ad consequuntur fugiat ducimus natus id sunt dolore! Nam, in impedit?\");\ncy.xpath('//button[@title=\"Submit\"]').click();\ncy.get(\".mb40 > :nth-child(3)\").should(\"have.text\", \"Your enquiry has been successfully sent to the store owner!\");",
              "err": {},
              "uuid": "69d902a6-f8ce-4eea-a2e7-8e22aec257f5",
              "parentUUID": "7312646a-17c2-4569-9d91-ef5947f6621a",
              "isHook": false,
              "skipped": false
            }
          ],
          "suites": [],
          "passes": [
            "69d902a6-f8ce-4eea-a2e7-8e22aec257f5"
          ],
          "failures": [],
          "pending": [],
          "skipped": [],
          "duration": 9247,
          "root": false,
          "rootEmpty": false,
          "_timeout": 2000
        }
      ],
      "passes": [],
      "failures": [],
      "pending": [],
      "skipped": [],
      "duration": 0,
      "root": true,
      "rootEmpty": true,
      "_timeout": 2000
    },
    {
      "uuid": "df96de76-0948-49dc-9946-2dfa35d7bb18",
      "title": "",
      "fullFile": "cypress\\e2e\\automation-test-store\\inspect-item.js",
      "file": "cypress\\e2e\\automation-test-store\\inspect-item.js",
      "beforeHooks": [],
      "afterHooks": [],
      "tests": [],
      "suites": [
        {
          "uuid": "f79cbb93-2745-4831-981f-ec1d40b55d13",
          "title": "Inspect Automation Test Store items  using chain of cammands",
          "fullFile": "",
          "file": "",
          "beforeHooks": [],
          "afterHooks": [],
          "tests": [
            {
              "title": "Click on the first item using text",
              "fullTitle": "Inspect Automation Test Store items  using chain of cammands Click on the first item using text",
              "timedOut": null,
              "duration": 4712,
              "state": "passed",
              "speed": "fast",
              "pass": true,
              "fail": false,
              "pending": false,
              "context": null,
              "code": "cy.visit(\"https://automationteststore.com/\");\ncy.get(\".prdocutname\").contains(\"Skinsheen Bronzer Stick\").click().then(itemHeaderText => {\n  cy.log(\"Selected the following item: \" + itemHeaderText.text());\n});",
              "err": {},
              "uuid": "2844fdf0-bb03-4c7c-a4af-b8593ce72660",
              "parentUUID": "f79cbb93-2745-4831-981f-ec1d40b55d13",
              "isHook": false,
              "skipped": false
            }
          ],
          "suites": [],
          "passes": [
            "2844fdf0-bb03-4c7c-a4af-b8593ce72660"
          ],
          "failures": [],
          "pending": [],
          "skipped": [],
          "duration": 4712,
          "root": false,
          "rootEmpty": false,
          "_timeout": 2000
        }
      ],
      "passes": [],
      "failures": [],
      "pending": [],
      "skipped": [],
      "duration": 0,
      "root": true,
      "rootEmpty": true,
      "_timeout": 2000
    },
    {
      "uuid": "2cddf517-48b4-4c71-8f88-f1bd633a8e78",
      "title": "",
      "fullFile": "cypress\\e2e\\automation-test-store\\iterate-over-elements.js",
      "file": "cypress\\e2e\\automation-test-store\\iterate-over-elements.js",
      "beforeHooks": [],
      "afterHooks": [],
      "tests": [],
      "suites": [
        {
          "uuid": "8cf99fdf-f7d0-4804-9522-3f63a9798891",
          "title": "Iterate over element",
          "fullFile": "",
          "file": "",
          "beforeHooks": [],
          "afterHooks": [],
          "tests": [
            {
              "title": "Log information of hair care products",
              "fullTitle": "Iterate over element Log information of hair care products",
              "timedOut": null,
              "duration": 4610,
              "state": "passed",
              "speed": "fast",
              "pass": true,
              "fail": false,
              "pending": false,
              "context": null,
              "code": "cy.get(\".fixed_wrapper .prdocutname\").each(($el, index, $list) => {\n  cy.log(\"Index\" + index + \" : \" + $el.text());\n});",
              "err": {},
              "uuid": "621893fb-c463-4dd1-84d3-23bf9d6a9607",
              "parentUUID": "8cf99fdf-f7d0-4804-9522-3f63a9798891",
              "isHook": false,
              "skipped": false
            },
            {
              "title": "Add specific product to basket",
              "fullTitle": "Iterate over element Add specific product to basket",
              "timedOut": null,
              "duration": 2727,
              "state": "passed",
              "speed": "fast",
              "pass": true,
              "fail": false,
              "pending": false,
              "context": null,
              "code": "cy.selectProduct(\"Curls to straight Shampoo\");",
              "err": {},
              "uuid": "064e9670-61e4-4e2e-9e4d-0ff0bcfedc53",
              "parentUUID": "8cf99fdf-f7d0-4804-9522-3f63a9798891",
              "isHook": false,
              "skipped": false
            },
            {
              "title": "Add another specific product to basket",
              "fullTitle": "Iterate over element Add another specific product to basket",
              "timedOut": null,
              "duration": 2242,
              "state": "passed",
              "speed": "fast",
              "pass": true,
              "fail": false,
              "pending": false,
              "context": null,
              "code": "cy.selectProduct(\"Seaweed Conditioner\");",
              "err": {},
              "uuid": "e134d4de-2efa-42ca-bde9-470ce0486fa9",
              "parentUUID": "8cf99fdf-f7d0-4804-9522-3f63a9798891",
              "isHook": false,
              "skipped": false
            },
            {
              "title": "Add another one specific product to basket",
              "fullTitle": "Iterate over element Add another one specific product to basket",
              "timedOut": null,
              "duration": 4315,
              "state": "passed",
              "speed": "fast",
              "pass": true,
              "fail": false,
              "pending": false,
              "context": null,
              "code": "cy.selectProduct(\"Pantene Pro-V Conditioner, Classic Care\");",
              "err": {},
              "uuid": "a8c5eba0-f522-4762-b225-9e1f8c0ef5a3",
              "parentUUID": "8cf99fdf-f7d0-4804-9522-3f63a9798891",
              "isHook": false,
              "skipped": false
            }
          ],
          "suites": [],
          "passes": [
            "621893fb-c463-4dd1-84d3-23bf9d6a9607",
            "064e9670-61e4-4e2e-9e4d-0ff0bcfedc53",
            "e134d4de-2efa-42ca-bde9-470ce0486fa9",
            "a8c5eba0-f522-4762-b225-9e1f8c0ef5a3"
          ],
          "failures": [],
          "pending": [],
          "skipped": [],
          "duration": 13894,
          "root": false,
          "rootEmpty": false,
          "_timeout": 2000
        }
      ],
      "passes": [],
      "failures": [],
      "pending": [],
      "skipped": [],
      "duration": 0,
      "root": true,
      "rootEmpty": true,
      "_timeout": 2000
    },
    {
      "uuid": "ea2bdb23-ba05-4f2e-b88e-0accd124977e",
      "title": "",
      "fullFile": "cypress\\e2e\\automation-test-store\\variables-ane-cy-commands.js",
      "file": "cypress\\e2e\\automation-test-store\\variables-ane-cy-commands.js",
      "beforeHooks": [],
      "afterHooks": [],
      "tests": [],
      "suites": [
        {
          "uuid": "879b25a5-3992-4d2d-8287-bb0733c2d37b",
          "title": "Verifying varaibles, cypress commands and jquery commands",
          "fullFile": "",
          "file": "",
          "beforeHooks": [],
          "afterHooks": [],
          "tests": [
            {
              "title": "validate the property of the contact Us page   ",
              "fullTitle": "Verifying varaibles, cypress commands and jquery commands validate the property of the contact Us page   ",
              "timedOut": null,
              "duration": 3057,
              "state": "passed",
              "speed": "fast",
              "pass": true,
              "fail": false,
              "pending": false,
              "context": null,
              "code": "cy.visit(\"https://automationteststore.com/index.php?rt=content/contact\");\n//Uses cypress commands and chaining\ncy.contains(\"#ContactUsFrm\", \"Contact Us Form\").find(\"#field_11\").should(\"contain\", \"First name\");\n//JQuery\ncy.contains(\"#ContactUsFrm\", \"Contact Us Form\").then(text => {\n  const firstNameText = text.find(\"#field_11\").text();\n  expect(firstNameText).to.contain(\"First name\");\n  //Embedded commands (closure)\n  cy.get(\"#field_11\").then(fnText => {\n    cy.log(fnText.text());\n    cy.log(fnText);\n  });\n});",
              "err": {},
              "uuid": "5b2f5853-8288-47dd-9411-aafdbae1fef0",
              "parentUUID": "879b25a5-3992-4d2d-8287-bb0733c2d37b",
              "isHook": false,
              "skipped": false
            }
          ],
          "suites": [],
          "passes": [
            "5b2f5853-8288-47dd-9411-aafdbae1fef0"
          ],
          "failures": [],
          "pending": [],
          "skipped": [],
          "duration": 3057,
          "root": false,
          "rootEmpty": false,
          "_timeout": 2000
        }
      ],
      "passes": [],
      "failures": [],
      "pending": [],
      "skipped": [],
      "duration": 0,
      "root": true,
      "rootEmpty": true,
      "_timeout": 2000
    },
    {
      "uuid": "8ad27f28-61ce-4533-abd5-978c2811a912",
      "title": "",
      "fullFile": "cypress\\e2e\\webdriver-uni\\autocomplete-list.js",
      "file": "cypress\\e2e\\webdriver-uni\\autocomplete-list.js",
      "beforeHooks": [],
      "afterHooks": [],
      "tests": [],
      "suites": [
        {
          "uuid": "5b16faf1-546d-4ed8-aff2-8a6b1bd709fa",
          "title": "Verify autocomplete dropdown list via webdriveruni",
          "fullFile": "",
          "file": "",
          "beforeHooks": [],
          "afterHooks": [],
          "tests": [
            {
              "title": "select a specfic fruit via autocomplete dropdown list ",
              "fullTitle": "Verify autocomplete dropdown list via webdriveruni select a specfic fruit via autocomplete dropdown list ",
              "timedOut": null,
              "duration": 3965,
              "state": "passed",
              "speed": "fast",
              "pass": true,
              "fail": false,
              "pending": false,
              "context": null,
              "code": "cy.visit(\"http://www.webdriveruniversity.com\");\ncy.get(\"#autocomplete-textfield\").invoke(\"removeAttr\", \"target\").click({\n  forcr: true\n});\ncy.get(\"#myInput\").type(\"A\");\ncy.get(\"#myInputautocomplete-list > *\").as(\"fruitList\");\ncy.get(\"@fruitList\").each(($el, index, $list) => {\n  const prod = $el.text();\n  const productToSelect = \"Apple\";\n  if (prod === productToSelect) {\n    $el.trigger(\"click\");\n    cy.get(\"#submit-button\").click();\n    cy.url().should(\"include\", productToSelect);\n  }\n}).then(() => {\n  cy.get(\"#myInput\").type(\"G\");\n  cy.get(\"#myInputautocomplete-list > *\").as(\"fruitList\");\n  cy.get(\"@fruitList\").each(($el, index, $list) => {\n    const prod = $el.text();\n    const productToSelect = \"Grapes\";\n    if (prod === productToSelect) {\n      $el.trigger(\"click\");\n      cy.get(\"#submit-button\").click();\n      cy.url().should(\"include\", productToSelect);\n    }\n  });\n});",
              "err": {},
              "uuid": "f70be1c6-72de-443a-a5ff-aec9bba628df",
              "parentUUID": "5b16faf1-546d-4ed8-aff2-8a6b1bd709fa",
              "isHook": false,
              "skipped": false
            }
          ],
          "suites": [],
          "passes": [
            "f70be1c6-72de-443a-a5ff-aec9bba628df"
          ],
          "failures": [],
          "pending": [],
          "skipped": [],
          "duration": 3965,
          "root": false,
          "rootEmpty": false,
          "_timeout": 2000
        }
      ],
      "passes": [],
      "failures": [],
      "pending": [],
      "skipped": [],
      "duration": 0,
      "root": true,
      "rootEmpty": true,
      "_timeout": 2000
    },
    {
      "uuid": "f3fd4a23-13cb-4273-84d1-ffaeadfc1b2d",
      "title": "",
      "fullFile": "cypress\\e2e\\webdriver-uni\\browser-navigation.js",
      "file": "cypress\\e2e\\webdriver-uni\\browser-navigation.js",
      "beforeHooks": [],
      "afterHooks": [],
      "tests": [],
      "suites": [
        {
          "uuid": "6a752b50-51ce-4bf9-ab49-b517d5b118c0",
          "title": "Validate webdriveruni homepage links",
          "fullFile": "",
          "file": "",
          "beforeHooks": [],
          "afterHooks": [],
          "tests": [
            {
              "title": "Confirm links redirect to the correct pages",
              "fullTitle": "Validate webdriveruni homepage links Confirm links redirect to the correct pages",
              "timedOut": null,
              "duration": 8789,
              "state": "passed",
              "speed": "medium",
              "pass": true,
              "fail": false,
              "pending": false,
              "context": null,
              "code": "//cy.visit(\"http://www.webdriveruniversity.com/Contact-Us/contactus.html\");\ncy.visit(\"http://www.webdriveruniversity.com\");\ncy.get(\"#contact-us\").invoke(\"removeAttr\", \"target\").click({\n  force: true\n});\ncy.url().should(\"include\", \"contactus\");\ncy.go(\"back\");\ncy.reload();\ncy.url().should(\"include\", \"http://www.webdriveruniversity.com\");\n//cy.reload(true) //reload without using cache\ncy.go(\"forward\");\ncy.url().should(\"include\", \"contactus\");\ncy.go(\"back\");\ncy.get(\"#login-portal\").invoke(\"removeAttr\", \"target\").click({\n  force: true\n});\ncy.url().should(\"include\", \"Login-Portal\");\ncy.go(\"back\");\ncy.get(\"#to-do-list\").invoke(\"removeAttr\", \"target\").click({\n  force: true\n});\ncy.url().should(\"include\", \"To-Do-List\");\ncy.go(\"back\");",
              "err": {},
              "uuid": "45f60e67-6b7a-4fc7-b435-88acc67b8f28",
              "parentUUID": "6a752b50-51ce-4bf9-ab49-b517d5b118c0",
              "isHook": false,
              "skipped": false
            }
          ],
          "suites": [],
          "passes": [
            "45f60e67-6b7a-4fc7-b435-88acc67b8f28"
          ],
          "failures": [],
          "pending": [],
          "skipped": [],
          "duration": 8789,
          "root": false,
          "rootEmpty": false,
          "_timeout": 2000
        }
      ],
      "passes": [],
      "failures": [],
      "pending": [],
      "skipped": [],
      "duration": 0,
      "root": true,
      "rootEmpty": true,
      "_timeout": 2000
    },
    {
      "uuid": "378934cf-87fb-4a18-8ec8-6714b128ba60",
      "title": "",
      "fullFile": "cypress\\e2e\\webdriver-uni\\checkboxes.js",
      "file": "cypress\\e2e\\webdriver-uni\\checkboxes.js",
      "beforeHooks": [],
      "afterHooks": [],
      "tests": [],
      "suites": [
        {
          "uuid": "ecd95a7d-c0c6-41f9-8220-bd32efd0cf17",
          "title": "Verify checkboxes via webdriveruni",
          "fullFile": "",
          "file": "",
          "beforeHooks": [],
          "afterHooks": [],
          "tests": [
            {
              "title": "check and validate multiple checkboxes",
              "fullTitle": "Verify checkboxes via webdriveruni check and validate multiple checkboxes",
              "timedOut": null,
              "duration": 2742,
              "state": "passed",
              "speed": "fast",
              "pass": true,
              "fail": false,
              "pending": false,
              "context": null,
              "code": "cy.get(\"input[type='checkbox']\").check([\"option-1\", \"option-3\"]).should(\"be.checked\");",
              "err": {},
              "uuid": "d30f9bb6-fde4-4749-8f6b-79f36493273f",
              "parentUUID": "ecd95a7d-c0c6-41f9-8220-bd32efd0cf17",
              "isHook": false,
              "skipped": false
            }
          ],
          "suites": [],
          "passes": [
            "d30f9bb6-fde4-4749-8f6b-79f36493273f"
          ],
          "failures": [],
          "pending": [],
          "skipped": [],
          "duration": 2742,
          "root": false,
          "rootEmpty": false,
          "_timeout": 2000
        }
      ],
      "passes": [],
      "failures": [],
      "pending": [],
      "skipped": [],
      "duration": 0,
      "root": true,
      "rootEmpty": true,
      "_timeout": 2000
    },
    {
      "uuid": "e8285778-c269-4272-ab00-8a392882b16b",
      "title": "",
      "fullFile": "cypress\\e2e\\webdriver-uni\\contact-us.js",
      "file": "cypress\\e2e\\webdriver-uni\\contact-us.js",
      "beforeHooks": [],
      "afterHooks": [],
      "tests": [],
      "suites": [
        {
          "uuid": "2067e252-7e6b-478c-836b-f6d2f822e09d",
          "title": "Test Contact Us form via webdriverUni",
          "fullFile": "",
          "file": "",
          "beforeHooks": [],
          "afterHooks": [],
          "tests": [
            {
              "title": "Should be able to submit successful submision via contact us form",
              "fullTitle": "Test Contact Us form via webdriverUni Should be able to submit successful submision via contact us form",
              "timedOut": null,
              "duration": 5514,
              "state": "passed",
              "speed": "medium",
              "pass": true,
              "fail": false,
              "pending": false,
              "context": null,
              "code": "cy.document().should(\"have.a.property\", \"charset\").and(\"eq\", \"UTF-8\");\ncontactUsPage.contactFormSubmission(Cypress.env(\"first_Name\"), data.last_name, data.email, \"I am learning cypress custom commands\", \"h1\", \"Thank You for your Message!\");",
              "err": {},
              "uuid": "4ddfd08f-ed92-40a9-8b5a-fbdf28e9bb92",
              "parentUUID": "2067e252-7e6b-478c-836b-f6d2f822e09d",
              "isHook": false,
              "skipped": false
            },
            {
              "title": "Should not be able to submit successful submision via contact us form as all fields are required",
              "fullTitle": "Test Contact Us form via webdriverUni Should not be able to submit successful submision via contact us form as all fields are required",
              "timedOut": null,
              "duration": 2775,
              "state": "passed",
              "speed": "fast",
              "pass": true,
              "fail": false,
              "pending": false,
              "context": null,
              "code": "contactUsPage.contactFormSubmission(Cypress.env(\"first_Name\"), data.last_name, \" \", \"I am learning cypress custom commands\", \"body\", \"Error: Invalid email address\");",
              "err": {},
              "uuid": "9fd780e2-328c-4fdc-b6a1-29186f85b621",
              "parentUUID": "2067e252-7e6b-478c-836b-f6d2f822e09d",
              "isHook": false,
              "skipped": false
            }
          ],
          "suites": [],
          "passes": [
            "4ddfd08f-ed92-40a9-8b5a-fbdf28e9bb92",
            "9fd780e2-328c-4fdc-b6a1-29186f85b621"
          ],
          "failures": [],
          "pending": [],
          "skipped": [],
          "duration": 8289,
          "root": false,
          "rootEmpty": false,
          "_timeout": 2000
        }
      ],
      "passes": [],
      "failures": [],
      "pending": [],
      "skipped": [],
      "duration": 0,
      "root": true,
      "rootEmpty": true,
      "_timeout": 2000
    },
    {
      "uuid": "eedd74fb-ee18-4a22-86dd-547b61576ff4",
      "title": "",
      "fullFile": "cypress\\e2e\\webdriver-uni\\select-dropdown-list.js",
      "file": "cypress\\e2e\\webdriver-uni\\select-dropdown-list.js",
      "beforeHooks": [],
      "afterHooks": [],
      "tests": [],
      "suites": [
        {
          "uuid": "6464d654-ae0d-49dd-b6c8-2a3d81c9e1e7",
          "title": "Interact with dropdown list via webdriveruni",
          "fullFile": "",
          "file": "",
          "beforeHooks": [],
          "afterHooks": [],
          "tests": [
            {
              "title": "select a specfic value via dropdown list ",
              "fullTitle": "Interact with dropdown list via webdriveruni select a specfic value via dropdown list ",
              "timedOut": null,
              "duration": 4025,
              "state": "passed",
              "speed": "fast",
              "pass": true,
              "fail": false,
              "pending": false,
              "context": null,
              "code": "cy.visit(\"http://www.webdriveruniversity.com\");\ncy.get(\"#dropdown-checkboxes-radiobuttons\").invoke(\"removeAttr\", \"target\").click({\n  forcr: true\n});\ncy.get(\"#dropdowm-menu-1\").select(\"c#\");\ncy.get(\"#dropdowm-menu-2\").select(\"testng\").should(\"have.value\", \"testng\");\ncy.get(\"#dropdowm-menu-3\").select(\"JQuery\").contains(\"JQuery\");",
              "err": {},
              "uuid": "2ce3e4cd-7155-4d6f-9b58-8d796c76582b",
              "parentUUID": "6464d654-ae0d-49dd-b6c8-2a3d81c9e1e7",
              "isHook": false,
              "skipped": false
            }
          ],
          "suites": [],
          "passes": [
            "2ce3e4cd-7155-4d6f-9b58-8d796c76582b"
          ],
          "failures": [],
          "pending": [],
          "skipped": [],
          "duration": 4025,
          "root": false,
          "rootEmpty": false,
          "_timeout": 2000
        }
      ],
      "passes": [],
      "failures": [],
      "pending": [],
      "skipped": [],
      "duration": 0,
      "root": true,
      "rootEmpty": true,
      "_timeout": 2000
    },
    {
      "uuid": "9d7bb36c-27ae-44d6-89ce-fecc1099bdf1",
      "title": "",
      "fullFile": "cypress\\e2e\\webdriver-uni\\traversing-elements.js",
      "file": "cypress\\e2e\\webdriver-uni\\traversing-elements.js",
      "beforeHooks": [],
      "afterHooks": [],
      "tests": [],
      "suites": [
        {
          "uuid": "b0cd3000-82ce-4ef7-a4ad-e6ec0d349b6e",
          "title": "Traversing DOM elements in Cypress",
          "fullFile": "",
          "file": "",
          "beforeHooks": [],
          "afterHooks": [],
          "tests": [
            {
              "title": "children() to get the children of DOM elements",
              "fullTitle": "Traversing DOM elements in Cypress children() to get the children of DOM elements",
              "timedOut": null,
              "duration": 4678,
              "state": "passed",
              "speed": "fast",
              "pass": true,
              "fail": false,
              "pending": false,
              "context": null,
              "code": "cy.get(\".traversal-breadcrumb\").children(\".active\").should(\"contain\", \"Contact Us\");",
              "err": {},
              "uuid": "8e156bb1-09c9-485e-be41-f92caf688592",
              "parentUUID": "b0cd3000-82ce-4ef7-a4ad-e6ec0d349b6e",
              "isHook": false,
              "skipped": false
            },
            {
              "title": "closest() to validate the closest ancestor DOM element",
              "fullTitle": "Traversing DOM elements in Cypress closest() to validate the closest ancestor DOM element",
              "timedOut": null,
              "duration": 897,
              "state": "passed",
              "speed": "fast",
              "pass": true,
              "fail": false,
              "pending": false,
              "context": null,
              "code": "cy.get(\".traversal-badge\").closest(\"ul\").should(\"have.class\", \"list-group\");",
              "err": {},
              "uuid": "ccd04a84-6e1c-4373-b13c-56edf04206ac",
              "parentUUID": "b0cd3000-82ce-4ef7-a4ad-e6ec0d349b6e",
              "isHook": false,
              "skipped": false
            },
            {
              "title": "eq() to retrieve a specific element based on index",
              "fullTitle": "Traversing DOM elements in Cypress eq() to retrieve a specific element based on index",
              "timedOut": null,
              "duration": 790,
              "state": "passed",
              "speed": "fast",
              "pass": true,
              "fail": false,
              "pending": false,
              "context": null,
              "code": "cy.get(\".traversal-drinks-list > *\").eq(2).should(\"contain\", \"Milk\");",
              "err": {},
              "uuid": "da950a22-b83c-4046-bea2-da43145162aa",
              "parentUUID": "b0cd3000-82ce-4ef7-a4ad-e6ec0d349b6e",
              "isHook": false,
              "skipped": false
            },
            {
              "title": "filter() to retrieve DOM elements that match a specific selector",
              "fullTitle": "Traversing DOM elements in Cypress filter() to retrieve DOM elements that match a specific selector",
              "timedOut": null,
              "duration": 799,
              "state": "passed",
              "speed": "fast",
              "pass": true,
              "fail": false,
              "pending": false,
              "context": null,
              "code": "cy.get(\"[data-toggle='buttons'] > *\").filter(\".active\").should(\"contain\", \"Button-1\");",
              "err": {},
              "uuid": "e20dc1a0-dc59-48ed-9dcd-db2297ffcb92",
              "parentUUID": "b0cd3000-82ce-4ef7-a4ad-e6ec0d349b6e",
              "isHook": false,
              "skipped": false
            },
            {
              "title": "find() to retrieve DOM elements of a given selector",
              "fullTitle": "Traversing DOM elements in Cypress find() to retrieve DOM elements of a given selector",
              "timedOut": null,
              "duration": 798,
              "state": "passed",
              "speed": "fast",
              "pass": true,
              "fail": false,
              "pending": false,
              "context": null,
              "code": "cy.get(\".pagination\").find(\".page-link\").should(\"have.length\", 7);",
              "err": {},
              "uuid": "08218b8e-64c6-47f9-a597-d7c3761ef7ac",
              "parentUUID": "b0cd3000-82ce-4ef7-a4ad-e6ec0d349b6e",
              "isHook": false,
              "skipped": false
            },
            {
              "title": "first() to retrieve the first DOM element within elements ",
              "fullTitle": "Traversing DOM elements in Cypress first() to retrieve the first DOM element within elements ",
              "timedOut": null,
              "duration": 835,
              "state": "passed",
              "speed": "fast",
              "pass": true,
              "fail": false,
              "pending": false,
              "context": null,
              "code": "cy.get(\".traversal-table > tbody > tr > td\").first().should(\"contain\", \"Andy\");",
              "err": {},
              "uuid": "be436871-b06e-4150-b19b-6af2d7528d93",
              "parentUUID": "b0cd3000-82ce-4ef7-a4ad-e6ec0d349b6e",
              "isHook": false,
              "skipped": false
            },
            {
              "title": "last() to retrieve the last DOM element within elements",
              "fullTitle": "Traversing DOM elements in Cypress last() to retrieve the last DOM element within elements",
              "timedOut": null,
              "duration": 892,
              "state": "passed",
              "speed": "fast",
              "pass": true,
              "fail": false,
              "pending": false,
              "context": null,
              "code": "cy.get(\".traversal-table > tbody > tr > td\").last().should(\"contain\", \"Scott\");",
              "err": {},
              "uuid": "ccbec6f5-c259-4aa4-a8c7-3309154ff488",
              "parentUUID": "b0cd3000-82ce-4ef7-a4ad-e6ec0d349b6e",
              "isHook": false,
              "skipped": false
            },
            {
              "title": "nextAll() to get all of the next sibling DOM elements within elements",
              "fullTitle": "Traversing DOM elements in Cypress nextAll() to get all of the next sibling DOM elements within elements",
              "timedOut": null,
              "duration": 820,
              "state": "passed",
              "speed": "fast",
              "pass": true,
              "fail": false,
              "pending": false,
              "context": null,
              "code": "cy.get(\".traversal-drinks-list\").contains(\"Tea\").nextAll().should(\"have.length\", \"3\");",
              "err": {},
              "uuid": "d793a193-b8b6-4517-800d-39e297e5ed98",
              "parentUUID": "b0cd3000-82ce-4ef7-a4ad-e6ec0d349b6e",
              "isHook": false,
              "skipped": false
            },
            {
              "title": "nextUntil() to get all of the next sibling DOM elements within elements until another element",
              "fullTitle": "Traversing DOM elements in Cypress nextUntil() to get all of the next sibling DOM elements within elements until another element",
              "timedOut": null,
              "duration": 1111,
              "state": "passed",
              "speed": "fast",
              "pass": true,
              "fail": false,
              "pending": false,
              "context": null,
              "code": "cy.get(\"#coffee\").nextUntil(\"#milk\");",
              "err": {},
              "uuid": "5b5791b5-5385-4406-ad44-f49b7124285a",
              "parentUUID": "b0cd3000-82ce-4ef7-a4ad-e6ec0d349b6e",
              "isHook": false,
              "skipped": false
            },
            {
              "title": "not() to remove DOM element(s) from the set of elements",
              "fullTitle": "Traversing DOM elements in Cypress not() to remove DOM element(s) from the set of elements",
              "timedOut": null,
              "duration": 1020,
              "state": "passed",
              "speed": "fast",
              "pass": true,
              "fail": false,
              "pending": false,
              "context": null,
              "code": "cy.get(\".traversal-button-states > button\").not(\".disabled\").should(\"not.have.class\", \"disable\");",
              "err": {},
              "uuid": "4e0b4f9a-0cc8-4626-aac5-6553b75566aa",
              "parentUUID": "b0cd3000-82ce-4ef7-a4ad-e6ec0d349b6e",
              "isHook": false,
              "skipped": false
            },
            {
              "title": "parent() To get parent DOM element of elements",
              "fullTitle": "Traversing DOM elements in Cypress parent() To get parent DOM element of elements",
              "timedOut": null,
              "duration": 1044,
              "state": "passed",
              "speed": "fast",
              "pass": true,
              "fail": false,
              "pending": false,
              "context": null,
              "code": "cy.get(\".traversal-mark\").parent().should(\"contain\", \"Lorem ipsum dolor sit amet, consectetur adipiscing elit,\");",
              "err": {},
              "uuid": "20bf83fc-5f89-42b3-9132-2be9488b3c54",
              "parentUUID": "b0cd3000-82ce-4ef7-a4ad-e6ec0d349b6e",
              "isHook": false,
              "skipped": false
            },
            {
              "title": "parents() to get parents DOM element of elements",
              "fullTitle": "Traversing DOM elements in Cypress parents() to get parents DOM element of elements",
              "timedOut": null,
              "duration": 1083,
              "state": "passed",
              "speed": "fast",
              "pass": true,
              "fail": false,
              "pending": false,
              "context": null,
              "code": "cy.get(\".traversal-cite\").parents().should(\"match\", \"blockquote\");",
              "err": {},
              "uuid": "cda3878e-f3f0-42fd-8005-cbbea85dc29f",
              "parentUUID": "b0cd3000-82ce-4ef7-a4ad-e6ec0d349b6e",
              "isHook": false,
              "skipped": false
            },
            {
              "title": "prev() to get the previous sibling DOM element within elements",
              "fullTitle": "Traversing DOM elements in Cypress prev() to get the previous sibling DOM element within elements",
              "timedOut": null,
              "duration": 1869,
              "state": "passed",
              "speed": "fast",
              "pass": true,
              "fail": false,
              "pending": false,
              "context": null,
              "code": "cy.get(\"#sugar\").prev().should(\"contain\", \"Espresso\");",
              "err": {},
              "uuid": "abceed63-04fb-42fa-b4fa-c942eeda93ed",
              "parentUUID": "b0cd3000-82ce-4ef7-a4ad-e6ec0d349b6e",
              "isHook": false,
              "skipped": false
            },
            {
              "title": "prevAll() to get all previous sibling DOM elements within elements",
              "fullTitle": "Traversing DOM elements in Cypress prevAll() to get all previous sibling DOM elements within elements",
              "timedOut": null,
              "duration": 1569,
              "state": "passed",
              "speed": "fast",
              "pass": true,
              "fail": false,
              "pending": false,
              "context": null,
              "code": "cy.get(\".sales\").prevAll().should(\"have.length\", 2);",
              "err": {},
              "uuid": "2ad4be2c-b1ee-440e-85e8-eaca8dc54203",
              "parentUUID": "b0cd3000-82ce-4ef7-a4ad-e6ec0d349b6e",
              "isHook": false,
              "skipped": false
            },
            {
              "title": "prevUntil() to get all previous sibling DOM elements within elements until other element",
              "fullTitle": "Traversing DOM elements in Cypress prevUntil() to get all previous sibling DOM elements within elements until other element",
              "timedOut": null,
              "duration": 1070,
              "state": "passed",
              "speed": "fast",
              "pass": true,
              "fail": false,
              "pending": false,
              "context": null,
              "code": "cy.get(\"#veggie\").prevUntil(\"#fruits\").should(\"have.length\", 5);",
              "err": {},
              "uuid": "3ab92641-673e-4b5b-a9a6-d6b8a4e2ffd9",
              "parentUUID": "b0cd3000-82ce-4ef7-a4ad-e6ec0d349b6e",
              "isHook": false,
              "skipped": false
            },
            {
              "title": "siblings() To get all sibling DOM elements of elements",
              "fullTitle": "Traversing DOM elements in Cypress siblings() To get all sibling DOM elements of elements",
              "timedOut": null,
              "duration": 1590,
              "state": "passed",
              "speed": "fast",
              "pass": true,
              "fail": false,
              "pending": false,
              "context": null,
              "code": "cy.get(\".traversal-button-other-states\").find(\".active\").siblings().should(\"have.length\", 3);",
              "err": {},
              "uuid": "6e88eab2-f9e6-4606-8948-137c3a995f7e",
              "parentUUID": "b0cd3000-82ce-4ef7-a4ad-e6ec0d349b6e",
              "isHook": false,
              "skipped": false
            }
          ],
          "suites": [],
          "passes": [
            "8e156bb1-09c9-485e-be41-f92caf688592",
            "ccd04a84-6e1c-4373-b13c-56edf04206ac",
            "da950a22-b83c-4046-bea2-da43145162aa",
            "e20dc1a0-dc59-48ed-9dcd-db2297ffcb92",
            "08218b8e-64c6-47f9-a597-d7c3761ef7ac",
            "be436871-b06e-4150-b19b-6af2d7528d93",
            "ccbec6f5-c259-4aa4-a8c7-3309154ff488",
            "d793a193-b8b6-4517-800d-39e297e5ed98",
            "5b5791b5-5385-4406-ad44-f49b7124285a",
            "4e0b4f9a-0cc8-4626-aac5-6553b75566aa",
            "20bf83fc-5f89-42b3-9132-2be9488b3c54",
            "cda3878e-f3f0-42fd-8005-cbbea85dc29f",
            "abceed63-04fb-42fa-b4fa-c942eeda93ed",
            "2ad4be2c-b1ee-440e-85e8-eaca8dc54203",
            "3ab92641-673e-4b5b-a9a6-d6b8a4e2ffd9",
            "6e88eab2-f9e6-4606-8948-137c3a995f7e"
          ],
          "failures": [],
          "pending": [],
          "skipped": [],
          "duration": 20865,
          "root": false,
          "rootEmpty": false,
          "_timeout": 2000
        }
      ],
      "passes": [],
      "failures": [],
      "pending": [],
      "skipped": [],
      "duration": 0,
      "root": true,
      "rootEmpty": true,
      "_timeout": 2000
    },
    {
      "uuid": "881fe965-333b-42a3-a040-ce5b20e879d2",
      "title": "",
      "fullFile": "cypress\\e2e\\other\\hook.js",
      "file": "cypress\\e2e\\other\\hook.js",
      "beforeHooks": [],
      "afterHooks": [],
      "tests": [],
      "suites": [
        {
          "uuid": "26d24ab3-e99e-451a-be34-363fc3296e50",
          "title": "Hooks",
          "fullFile": "",
          "file": "",
          "beforeHooks": [],
          "afterHooks": [],
          "tests": [
            {
              "title": "Example test1",
              "fullTitle": "Hooks Example test1",
              "timedOut": null,
              "duration": 69,
              "state": "passed",
              "speed": "fast",
              "pass": true,
              "fail": false,
              "pending": false,
              "context": null,
              "code": "cy.log(\"Example test1!\");",
              "err": {},
              "uuid": "98f17c6e-501d-45b1-8539-33d0fdd78583",
              "parentUUID": "26d24ab3-e99e-451a-be34-363fc3296e50",
              "isHook": false,
              "skipped": false
            },
            {
              "title": "Example test2",
              "fullTitle": "Hooks Example test2",
              "timedOut": null,
              "duration": 42,
              "state": "passed",
              "speed": "fast",
              "pass": true,
              "fail": false,
              "pending": false,
              "context": null,
              "code": "cy.log(\"Example test2!\");",
              "err": {},
              "uuid": "40083a56-440d-47cd-8c98-1ceee50a2aff",
              "parentUUID": "26d24ab3-e99e-451a-be34-363fc3296e50",
              "isHook": false,
              "skipped": false
            }
          ],
          "suites": [],
          "passes": [
            "98f17c6e-501d-45b1-8539-33d0fdd78583",
            "40083a56-440d-47cd-8c98-1ceee50a2aff"
          ],
          "failures": [],
          "pending": [],
          "skipped": [],
          "duration": 111,
          "root": false,
          "rootEmpty": false,
          "_timeout": 2000
        }
      ],
      "passes": [],
      "failures": [],
      "pending": [],
      "skipped": [],
      "duration": 0,
      "root": true,
      "rootEmpty": true,
      "_timeout": 2000
    }
  ],
  "meta": {
    "mocha": {
      "version": "7.0.1"
    },
    "mochawesome": {
      "options": {
        "quiet": false,
        "reportFilename": "mochawesome",
        "saveHtml": false,
        "saveJson": true,
        "consoleReporter": "spec",
        "useInlineDiffs": false,
        "code": true
      },
      "version": "7.1.3"
    },
    "marge": {
      "options": {
        "reportDir": "cypress/results/mochawesome",
        "overwrite": false,
        "html": false,
        "json": true
      },
      "version": "6.2.0"
    }
  }
}