<testsuite name="Mocha Tests" tests="16" failures="0" errors="0" skipped="0" timestamp="Mon, 24 Jul 2023 13:55:34 GMT" time="16.76">
<testcase classname="Traversing DOM elements in Cypress" name="children() to get the children of DOM elements" time="3.264"/>
<testcase classname="Traversing DOM elements in Cypress" name="closest() to validate the closest ancestor DOM element" time="0.716"/>
<testcase classname="Traversing DOM elements in Cypress" name="eq() to retrieve a specific element based on index" time="0.682"/>
<testcase classname="Traversing DOM elements in Cypress" name="filter() to retrieve DOM elements that match a specific selector" time="0.65"/>
<testcase classname="Traversing DOM elements in Cypress" name="find() to retrieve DOM elements of a given selector" time="0.636"/>
<testcase classname="Traversing DOM elements in Cypress" name="first() to retrieve the first DOM element within elements " time="0.733"/>
<testcase classname="Traversing DOM elements in Cypress" name="last() to retrieve the last DOM element within elements" time="0.646"/>
<testcase classname="Traversing DOM elements in Cypress" name="nextAll() to get all of the next sibling DOM elements within elements" time="1.028"/>
<testcase classname="Traversing DOM elements in Cypress" name="nextUntil() to get all of the next sibling DOM elements within elements until another element" time="0.75"/>
<testcase classname="Traversing DOM elements in Cypress" name="not() to remove DOM element(s) from the set of elements" time="1.151"/>
<testcase classname="Traversing DOM elements in Cypress" name="parent() To get parent DOM element of elements" time="0.743"/>
<testcase classname="Traversing DOM elements in Cypress" name="parents() to get parents DOM element of elements" time="1.133"/>
<testcase classname="Traversing DOM elements in Cypress" name="prev() to get the previous sibling DOM element within elements" time="0.756"/>
<testcase classname="Traversing DOM elements in Cypress" name="prevAll() to get all previous sibling DOM elements within elements" time="1.835"/>
<testcase classname="Traversing DOM elements in Cypress" name="prevUntil() to get all previous sibling DOM elements within elements until other element" time="1.148"/>
<testcase classname="Traversing DOM elements in Cypress" name="siblings() To get all sibling DOM elements of elements" time="0.753"/>
</testsuite>
